<?xml version="1.0" encoding="UTF-8"?>
<!-- Generated by org.testng.reporters.JUnitReportReporter -->
<testsuite skipped="0" hostname="HOME" name="TestNGAttributes.GroupTests" tests="7" failures="0" timestamp="18 Feb 2019 18:05:50 GMT" time="0.057" errors="0">
  <testcase name="Test6" time="0.006" classname="TestNGAttributes.GroupTests"/>
  <testcase name="Test5" time="0.006" classname="TestNGAttributes.GroupTests"/>
  <testcase name="Test3" time="0.026" classname="TestNGAttributes.GroupTests"/>
  <testcase name="Test4" time="0.010" classname="TestNGAttributes.GroupTests"/>
  <testcase name="Test2" time="0.003" classname="TestNGAttributes.GroupTests"/>
  <testcase name="Test7" time="0.003" classname="TestNGAttributes.GroupTests"/>
  <testcase name="Test1" time="0.003" classname="TestNGAttributes.GroupTests"/>
</testsuite> <!-- TestNGAttributes.GroupTests -->
