<?xml version="1.0" encoding="UTF-8"?>
<!-- Generated by org.testng.reporters.JUnitReportReporter -->
<testsuite skipped="2" hostname="HOME" name="TestNGAttributes.IgnoreTests" tests="5" failures="0" timestamp="18 Feb 2019 18:08:49 GMT" time="0.050" errors="0">
  <testcase name="Test2" time="0.002" classname="TestNGAttributes.IgnoreTests"/>
  <testcase name="Test4" time="0.004" classname="TestNGAttributes.IgnoreTests"/>
  <testcase name="Test1" time="0.044" classname="TestNGAttributes.IgnoreTests"/>
  <testcase name="Test3" classname="TestNGAttributes.IgnoreTests">
    <skipped/>
  </testcase> <!-- Test3 -->
  <testcase name="Test5" classname="TestNGAttributes.IgnoreTests">
    <skipped/>
  </testcase> <!-- Test5 -->
</testsuite> <!-- TestNGAttributes.IgnoreTests -->
