<?xml version="1.0" encoding="UTF-8"?>
<!-- Generated by org.testng.reporters.JUnitReportReporter -->
<testsuite skipped="0" hostname="HOME" name="DataProviders.ExcelReader" tests="3" failures="0" timestamp="15 Feb 2019 18:30:09 GMT" time="0.026" errors="0">
  <testcase name="getData" time="0.006" classname="DataProviders.ExcelReader"/>
  <testcase name="getData" time="0.018" classname="DataProviders.ExcelReader"/>
  <testcase name="getData" time="0.002" classname="DataProviders.ExcelReader"/>
</testsuite> <!-- DataProviders.ExcelReader -->
