<?xml version="1.0" encoding="UTF-8"?>
<!-- Generated by org.testng.reporters.JUnitReportReporter -->
<testsuite skipped="0" hostname="HOME" name="TestNGAttributes.HeadlessBrowser" tests="1" failures="0" timestamp="18 Feb 2019 19:03:11 GMT" time="10.469" errors="0">
  <testcase name="HeadLessBrowserTest" time="10.469" classname="TestNGAttributes.HeadlessBrowser"/>
</testsuite> <!-- TestNGAttributes.HeadlessBrowser -->
