<?xml version="1.0" encoding="UTF-8"?>
<!-- Generated by org.testng.reporters.JUnitReportReporter -->
<testsuite skipped="0" hostname="HOME" name="DataProviders.ReadExcelFile" tests="1" failures="0" timestamp="13 Feb 2019 20:34:34 GMT" time="0.020" errors="0">
  <testcase name="getData" time="0.020" classname="DataProviders.ReadExcelFile"/>
</testsuite> <!-- DataProviders.ReadExcelFile -->
