<?xml version="1.0" encoding="UTF-8"?>
<!-- Generated by org.testng.reporters.JUnitReportReporter -->
<testsuite skipped="0" hostname="HOME" name="TestNGAttributes.PriorityTests" tests="8" failures="0" timestamp="18 Feb 2019 18:13:23 GMT" time="0.056" errors="0">
  <testcase name="test8" time="0.035" classname="TestNGAttributes.PriorityTests"/>
  <testcase name="test7" time="0.003" classname="TestNGAttributes.PriorityTests"/>
  <testcase name="test5" time="0.003" classname="TestNGAttributes.PriorityTests"/>
  <testcase name="test6" time="0.003" classname="TestNGAttributes.PriorityTests"/>
  <testcase name="test4" time="0.003" classname="TestNGAttributes.PriorityTests"/>
  <testcase name="test3" time="0.004" classname="TestNGAttributes.PriorityTests"/>
  <testcase name="test2" time="0.003" classname="TestNGAttributes.PriorityTests"/>
  <testcase name="test1" time="0.002" classname="TestNGAttributes.PriorityTests"/>
</testsuite> <!-- TestNGAttributes.PriorityTests -->
