<?xml version="1.0" encoding="UTF-8"?>
<!-- Generated by org.testng.reporters.JUnitReportReporter -->
<testsuite skipped="0" hostname="HOME" name="TestNGAttributes.DependenciesGroups" tests="5" failures="0" timestamp="18 Feb 2019 18:06:01 GMT" time="0.037" errors="0">
  <testcase name="Test5" time="0.003" classname="TestNGAttributes.DependenciesGroups"/>
  <testcase name="Test3" time="0.002" classname="TestNGAttributes.DependenciesGroups"/>
  <testcase name="Test2" time="0.027" classname="TestNGAttributes.DependenciesGroups"/>
  <testcase name="Test4" time="0.002" classname="TestNGAttributes.DependenciesGroups"/>
  <testcase name="Test1" time="0.003" classname="TestNGAttributes.DependenciesGroups"/>
</testsuite> <!-- TestNGAttributes.DependenciesGroups -->
