<?xml version="1.0" encoding="UTF-8"?>
<!-- Generated by org.testng.reporters.JUnitReportReporter -->
<testsuite skipped="0" hostname="HOME" name="Utility.SetPropertyFiles" tests="1" failures="0" timestamp="16 Feb 2019 19:24:46 GMT" time="0.069" errors="0">
  <testcase name="SetPropertyValues" time="0.069" classname="Utility.SetPropertyFiles"/>
</testsuite> <!-- Utility.SetPropertyFiles -->
