<?xml version="1.0" encoding="UTF-8"?>
<!-- Generated by org.testng.reporters.JUnitReportReporter -->
<testsuite skipped="0" hostname="HOME" name="TestNGAttributes.ExceptionHandlings" tests="1" failures="0" timestamp="18 Feb 2019 14:14:10 GMT" time="0.020" errors="0">
  <testcase name="Exceptions" time="0.020" classname="TestNGAttributes.ExceptionHandlings"/>
</testsuite> <!-- TestNGAttributes.ExceptionHandlings -->
