<?xml version="1.0" encoding="UTF-8"?>
<!-- Generated by org.testng.reporters.JUnitReportReporter -->
<testsuite skipped="0" hostname="HOME" name="DataProviders.ExcelData" tests="1" failures="0" timestamp="14 Feb 2019 17:37:04 GMT" time="1.383" errors="0">
  <testcase name="GetData" time="1.383" classname="DataProviders.ExcelData"/>
</testsuite> <!-- DataProviders.ExcelData -->
