<?xml version="1.0" encoding="UTF-8"?>
<!-- Generated by org.testng.reporters.JUnitReportReporter -->
<testsuite skipped="0" hostname="HOME" name="DataProviders.ApachePOI_ReadExcel" tests="3" failures="0" timestamp="15 Feb 2019 18:50:24 GMT" time="0.030" errors="0">
  <testcase name="Registration" time="0.010" classname="DataProviders.ApachePOI_ReadExcel"/>
  <testcase name="Registration" time="0.003" classname="DataProviders.ApachePOI_ReadExcel"/>
  <testcase name="Registration" time="0.017" classname="DataProviders.ApachePOI_ReadExcel"/>
</testsuite> <!-- DataProviders.ApachePOI_ReadExcel -->
