<?xml version="1.0" encoding="UTF-8"?>
<!-- Generated by org.testng.reporters.JUnitReportReporter -->
<testsuite skipped="0" hostname="HOME" name="TestNGAttributes.ParameterTests2" tests="1" failures="0" timestamp="18 Feb 2019 17:48:30 GMT" time="0.031" errors="0">
  <testcase name="LaunchBrowsers" time="0.031" classname="TestNGAttributes.ParameterTests2"/>
</testsuite> <!-- TestNGAttributes.ParameterTests2 -->
