<?xml version="1.0" encoding="UTF-8"?>
<!-- Generated by org.testng.reporters.JUnitReportReporter -->
<testsuite skipped="0" hostname="HOME" name="TestNGAttributes.DependenciesTests" tests="5" failures="0" timestamp="18 Feb 2019 18:01:02 GMT" time="0.056" errors="0">
  <testcase name="Test3" time="0.003" classname="TestNGAttributes.DependenciesTests"/>
  <testcase name="Test4" time="0.005" classname="TestNGAttributes.DependenciesTests"/>
  <testcase name="Test2" time="0.034" classname="TestNGAttributes.DependenciesTests"/>
  <testcase name="Test1" time="0.007" classname="TestNGAttributes.DependenciesTests"/>
  <testcase name="Test5" time="0.007" classname="TestNGAttributes.DependenciesTests"/>
</testsuite> <!-- TestNGAttributes.DependenciesTests -->
