<?xml version="1.0" encoding="UTF-8"?>
<!-- Generated by org.testng.reporters.JUnitReportReporter -->
<testsuite skipped="0" hostname="HOME" name="DataProviders.ReadExcelData" tests="3" failures="0" timestamp="15 Feb 2019 18:33:13 GMT" time="3.030" errors="0">
  <testcase name="ExcelDatas" time="0.607" classname="DataProviders.ReadExcelData"/>
  <testcase name="ExcelDatas" time="1.997" classname="DataProviders.ReadExcelData"/>
  <testcase name="ExcelDatas" time="0.426" classname="DataProviders.ReadExcelData"/>
</testsuite> <!-- DataProviders.ReadExcelData -->
